\BOOKMARK [1][-]{section*.1}{Abstract }{}% 1
\BOOKMARK [1][-]{section*.2}{Preface}{}% 2
\BOOKMARK [1][-]{section*.3}{Contents}{}% 3
\BOOKMARK [1][-]{section*.5}{Symbols and abbreviations}{}% 4
\BOOKMARK [2][-]{subsection.0.1}{TODO}{section*.5}% 5
\BOOKMARK [1][-]{section.1}{Introduction}{}% 6
\BOOKMARK [2][-]{subsection.1.1}{Motivation}{section.1}% 7
\BOOKMARK [2][-]{subsection.1.2}{Structure}{section.1}% 8
\BOOKMARK [1][-]{section.2}{Background / Context}{}% 9
\BOOKMARK [2][-]{subsection.2.1}{Research objectives}{section.2}% 10
\BOOKMARK [2][-]{subsection.2.2}{Related work}{section.2}% 11
\BOOKMARK [3][-]{subsubsection.2.2.1}{Feature extraction from Text}{subsection.2.2}% 12
\BOOKMARK [3][-]{subsubsection.2.2.2}{Text classification}{subsection.2.2}% 13
\BOOKMARK [1][-]{section.3}{Methods}{}% 14
\BOOKMARK [2][-]{subsection.3.1}{TODO}{section.3}% 15
\BOOKMARK [2][-]{subsection.3.2}{Problem formalism}{section.3}% 16
\BOOKMARK [1][-]{section.4}{Data}{}% 17
\BOOKMARK [2][-]{subsubsection.4.0.1}{Explorative Data Collection}{section.4}% 18
\BOOKMARK [3][-]{subsubsection.4.0.2}{Crowdsourced Data Collection with Refined Research Problem}{subsubsection.4.0.1}% 19
\BOOKMARK [1][-]{section.5}{Evaluation}{}% 20
\BOOKMARK [2][-]{subsection.5.1}{Binary Classification}{section.5}% 21
\BOOKMARK [3][-]{subsubsection.5.1.1}{Precision, Recall and F1 Score}{subsection.5.1}% 22
\BOOKMARK [3][-]{subsubsection.5.1.2}{Informedness, Markedness and Matthews Correlation Coefficient}{subsection.5.1}% 23
\BOOKMARK [2][-]{subsection.5.2}{Multi-class classification}{section.5}% 24
\BOOKMARK [3][-]{subsubsection.5.2.1}{Averaging for Multi-class Recall, Precision and F1-Score}{subsection.5.2}% 25
\BOOKMARK [3][-]{subsubsection.5.2.2}{Matthews Correlation Coefficient for K classes}{subsection.5.2}% 26
\BOOKMARK [3][-]{subsubsection.5.2.3}{Categorical Cross-entropy / Multi-class Log-loss}{subsection.5.2}% 27
\BOOKMARK [2][-]{subsection.5.3}{Multi-label classification}{section.5}% 28
\BOOKMARK [2][-]{subsection.5.4}{Discriminant Functions for Multi-class Classification}{section.5}% 29
\BOOKMARK [1][-]{section.6}{Vector-Space Models}{}% 30
\BOOKMARK [2][-]{subsection.6.1}{N-gram language models}{section.6}% 31
\BOOKMARK [1][-]{section.7}{Experiments}{}% 32
\BOOKMARK [2][-]{subsection.7.1}{TODO}{section.7}% 33
\BOOKMARK [2][-]{subsection.7.2}{Effectiveness and Expressiveness of Statistical \(Vector Space\) Language Models}{section.7}% 34
\BOOKMARK [3][-]{subsubsection.7.2.1}{Baselines Classifiers: Uniform and Stratified Guessing}{subsection.7.2}% 35
\BOOKMARK [3][-]{subsubsection.7.2.2}{N-gram Language Models}{subsection.7.2}% 36
\BOOKMARK [1][-]{section.8}{Results}{}% 37
\BOOKMARK [2][-]{subsection.8.1}{TODO}{section.8}% 38
\BOOKMARK [1][-]{section.9}{Discussion and Conclusions}{}% 39
\BOOKMARK [1][-]{section*.29}{References}{}% 40
\BOOKMARK [1][-]{appendix.A}{Appendix }{}% 41
\BOOKMARK [1][-]{appendix.B}{Appendix : Experiments}{}% 42
